#! /usr/bin/vvp
:ivl_version "10.1 (stable)";
:ivl_delay_selection "TYPICAL";
:vpi_time_precision - 9;
:vpi_module "system";
:vpi_module "vhdl_sys";
:vpi_module "v2005_math";
:vpi_module "va_math";
S_0x562df99d2a00 .scope module, "alu_tb" "alu_tb" 2 3;
 .timescale -9 -9;
P_0x562df99c5f20 .param/l "tck" 0 2 5, +C4<00000000000000000000000000001010>;
L_0x7fce2bcc7060 .functor BUFT 1, C4<0>, C4<0>, C4<0>, C4<0>;
v0x562df99f32a0_0 .net *"_s3", 0 0, L_0x7fce2bcc7060;  1 drivers
v0x562df99f33a0_0 .var "a", 31 0;
v0x562df99f3460_0 .var "b", 31 0;
v0x562df99f3560_0 .net "branch", 0 0, v0x562df99f2dc0_0;  1 drivers
v0x562df99f3630_0 .var "clk", 0 0;
v0x562df99f36d0_0 .var "ctrl", 1 0;
v0x562df99f3770_0 .var/i "num_iter", 31 0;
v0x562df99f3810_0 .net "ovf", 0 0, v0x562df99f2f40_0;  1 drivers
v0x562df99f38e0_0 .net "r", 31 0, v0x562df99f2bb0_0;  1 drivers
v0x562df99f39b0_0 .var "reset", 0 0;
v0x562df99f3a80_0 .var/i "seed", 31 0;
v0x562df99f3b20_0 .net "zero", 0 0, L_0x562df9a03c60;  1 drivers
L_0x562df9a03da0 .concat [ 2 1 0 0], v0x562df99f36d0_0, L_0x7fce2bcc7060;
S_0x562df99d2b80 .scope module, "dut" "alu" 2 16, 3 6 0, S_0x562df99d2a00;
 .timescale -9 -9;
    .port_info 0 /INPUT 32 "A"
    .port_info 1 /INPUT 32 "B"
    .port_info 2 /INPUT 3 "CTRL"
    .port_info 3 /INPUT 1 "clk"
    .port_info 4 /INPUT 1 "reset"
    .port_info 5 /OUTPUT 32 "R"
    .port_info 6 /OUTPUT 1 "zero"
    .port_info 7 /OUTPUT 1 "ovf"
    .port_info 8 /OUTPUT 1 "branch"
v0x562df99d20d0_0 .net "A", 31 0, v0x562df99f33a0_0;  1 drivers
v0x562df99f29e0_0 .net "B", 31 0, v0x562df99f3460_0;  1 drivers
v0x562df99f2ac0_0 .net "CTRL", 2 0, L_0x562df9a03da0;  1 drivers
v0x562df99f2bb0_0 .var "R", 31 0;
L_0x7fce2bcc7018 .functor BUFT 1, C4<00000000000000000000000000000000>, C4<0>, C4<0>, C4<0>;
v0x562df99f2c90_0 .net/2u *"_s0", 31 0, L_0x7fce2bcc7018;  1 drivers
v0x562df99f2dc0_0 .var "branch", 0 0;
v0x562df99f2e80_0 .net "clk", 0 0, v0x562df99f3630_0;  1 drivers
v0x562df99f2f40_0 .var "ovf", 0 0;
v0x562df99f3000_0 .net "reset", 0 0, v0x562df99f39b0_0;  1 drivers
v0x562df99f30c0_0 .net "zero", 0 0, L_0x562df9a03c60;  alias, 1 drivers
E_0x562df99c7050 .event posedge, v0x562df99f2e80_0;
L_0x562df9a03c60 .cmp/eq 32, v0x562df99f2bb0_0, L_0x7fce2bcc7018;
    .scope S_0x562df99d2b80;
T_0 ;
    %wait E_0x562df99c7050;
    %load/vec4 v0x562df99f3000_0;
    %pad/u 32;
    %cmpi/e 1, 0, 32;
    %jmp/0xz  T_0.0, 4;
    %pushi/vec4 0, 0, 32;
    %assign/vec4 v0x562df99f2bb0_0, 0;
    %jmp T_0.1;
T_0.0 ;
    %pushi/vec4 0, 0, 1;
    %assign/vec4 v0x562df99f2f40_0, 0;
    %pushi/vec4 0, 0, 1;
    %assign/vec4 v0x562df99f2dc0_0, 0;
    %load/vec4 v0x562df99f2ac0_0;
    %dup/vec4;
    %pushi/vec4 0, 0, 3;
    %cmp/u;
    %jmp/1 T_0.2, 6;
    %dup/vec4;
    %pushi/vec4 1, 0, 3;
    %cmp/u;
    %jmp/1 T_0.3, 6;
    %dup/vec4;
    %pushi/vec4 4, 0, 3;
    %cmp/u;
    %jmp/1 T_0.4, 6;
    %dup/vec4;
    %pushi/vec4 2, 0, 3;
    %cmp/u;
    %jmp/1 T_0.5, 6;
    %dup/vec4;
    %pushi/vec4 3, 0, 3;
    %cmp/u;
    %jmp/1 T_0.6, 6;
    %pushi/vec4 0, 0, 32;
    %assign/vec4 v0x562df99f2bb0_0, 0;
    %jmp T_0.8;
T_0.2 ;
    %load/vec4 v0x562df99d20d0_0;
    %pad/u 33;
    %load/vec4 v0x562df99f29e0_0;
    %pad/u 33;
    %add;
    %split/vec4 32;
    %assign/vec4 v0x562df99f2bb0_0, 0;
    %assign/vec4 v0x562df99f2f40_0, 0;
    %jmp T_0.8;
T_0.3 ;
    %load/vec4 v0x562df99d20d0_0;
    %pad/u 33;
    %load/vec4 v0x562df99f29e0_0;
    %pad/u 33;
    %sub;
    %split/vec4 32;
    %assign/vec4 v0x562df99f2bb0_0, 0;
    %assign/vec4 v0x562df99f2f40_0, 0;
    %jmp T_0.8;
T_0.4 ;
    %load/vec4 v0x562df99d20d0_0;
    %load/vec4 v0x562df99f29e0_0;
    %or;
    %assign/vec4 v0x562df99f2bb0_0, 0;
    %jmp T_0.8;
T_0.5 ;
    %load/vec4 v0x562df99d20d0_0;
    %load/vec4 v0x562df99f29e0_0;
    %xor;
    %assign/vec4 v0x562df99f2bb0_0, 0;
    %jmp T_0.8;
T_0.6 ;
    %load/vec4 v0x562df99d20d0_0;
    %load/vec4 v0x562df99f29e0_0;
    %cmp/e;
    %jmp/0xz  T_0.9, 4;
    %pushi/vec4 1, 0, 1;
    %assign/vec4 v0x562df99f2dc0_0, 0;
    %jmp T_0.10;
T_0.9 ;
    %pushi/vec4 0, 0, 32;
    %assign/vec4 v0x562df99f2bb0_0, 0;
T_0.10 ;
    %jmp T_0.8;
T_0.8 ;
    %pop/vec4 1;
T_0.1 ;
    %jmp T_0;
    .thread T_0;
    .scope S_0x562df99d2a00;
T_1 ;
    %pushi/vec4 0, 0, 32;
    %store/vec4 v0x562df99f3770_0, 0, 32;
    %end;
    .thread T_1;
    .scope S_0x562df99d2a00;
T_2 ;
    %pushi/vec4 1, 0, 32;
    %store/vec4 v0x562df99f3a80_0, 0, 32;
    %end;
    .thread T_2;
    .scope S_0x562df99d2a00;
T_3 ;
    %delay 5, 0;
    %load/vec4 v0x562df99f3630_0;
    %inv;
    %assign/vec4 v0x562df99f3630_0, 0;
    %jmp T_3;
    .thread T_3;
    .scope S_0x562df99d2a00;
T_4 ;
    %vpi_call 2 32 "$dumpfile", "alu_ah.vcd" {0 0 0};
    %vpi_call 2 33 "$dumpvars", 32'sb11111111111111111111111111111111, S_0x562df99d2b80 {0 0 0};
    %vpi_call 2 34 "$monitor", "%b", v0x562df99f38e0_0 {0 0 0};
    %end;
    .thread T_4;
    .scope S_0x562df99d2a00;
T_5 ;
    %pushi/vec4 0, 0, 1;
    %store/vec4 v0x562df99f3630_0, 0, 1;
    %pushi/vec4 0, 0, 1;
    %store/vec4 v0x562df99f39b0_0, 0, 1;
    %pushi/vec4 0, 0, 32;
    %store/vec4 v0x562df99f33a0_0, 0, 32;
    %pushi/vec4 0, 0, 32;
    %store/vec4 v0x562df99f3460_0, 0, 32;
    %pushi/vec4 0, 0, 2;
    %store/vec4 v0x562df99f36d0_0, 0, 2;
    %end;
    .thread T_5;
    .scope S_0x562df99d2a00;
T_6 ;
    %wait E_0x562df99c7050;
    %vpi_func 2 48 "$random" 32, v0x562df99f3a80_0 {0 0 0};
    %assign/vec4 v0x562df99f33a0_0, 0;
    %vpi_func 2 49 "$random" 32, v0x562df99f3a80_0 {0 0 0};
    %assign/vec4 v0x562df99f3460_0, 0;
    %vpi_func 2 50 "$random" 32, v0x562df99f3a80_0 {0 0 0};
    %pad/s 2;
    %assign/vec4 v0x562df99f36d0_0, 0;
    %load/vec4 v0x562df99f3770_0;
    %addi 1, 0, 32;
    %store/vec4 v0x562df99f3770_0, 0, 32;
    %pushi/vec4 999, 0, 32;
    %load/vec4 v0x562df99f3770_0;
    %cmp/s;
    %jmp/0xz  T_6.0, 5;
    %vpi_call 2 52 "$finish" {0 0 0};
T_6.0 ;
    %jmp T_6;
    .thread T_6;
# The file index is used to find the file name in the following table.
:file_names 4;
    "N/A";
    "<interactive>";
    "ALU_tb.v";
    "ALU.v";
